c:\users\jpenn\llr\llr405devsrc\llr64\x64\llr_release\vc143.pdb
c:\users\jpenn\llr\llr405devsrc\llr64\x64\llr_release\testdlg.obj
c:\users\jpenn\llr\llr405devsrc\llr64\x64\llr_release\priority.obj
c:\users\jpenn\llr\llr405devsrc\llr64\x64\llr_release\prime95view.obj
c:\users\jpenn\llr\llr405devsrc\llr64\x64\llr_release\prime95doc.obj
c:\users\jpenn\llr\llr405devsrc\llr64\x64\llr_release\prime95.obj
c:\users\jpenn\llr\llr405devsrc\llr64\x64\llr_release\preferencesdlg.obj
c:\users\jpenn\llr\llr405devsrc\llr64\x64\llr_release\mainfrm.obj
c:\users\jpenn\llr\llr405devsrc\llr64\x64\llr_release\editdropfiles.obj
c:\users\jpenn\llr\llr405devsrc\llr64\x64\llr_release\cpudlg.obj
c:\users\jpenn\llr\llr405devsrc\llr64\x64\llr_release\contentsdlg.obj
c:\users\jpenn\llr\llr405devsrc\llr64\x64\llr_release\affinitydlg.obj
c:\users\jpenn\llr\llr405devsrc\llr64\x64\llr_release\service.obj
c:\users\jpenn\llr\llr405devsrc\llr64\x64\llr_release\llr64.exe
c:\users\jpenn\llr\llr405devsrc\llr64\x64\llr_release\llr64.pdb
c:\users\jpenn\llr\llr405devsrc\llr64\x64\llr_release\prime95.res
c:\users\jpenn\llr\llr405devsrc\llr64\x64\llr_release\llr.tlog\cl.command.1.tlog
c:\users\jpenn\llr\llr405devsrc\llr64\x64\llr_release\llr.tlog\cl.read.1.tlog
c:\users\jpenn\llr\llr405devsrc\llr64\x64\llr_release\llr.tlog\cl.write.1.tlog
c:\users\jpenn\llr\llr405devsrc\llr64\x64\llr_release\llr.tlog\link.command.1.tlog
c:\users\jpenn\llr\llr405devsrc\llr64\x64\llr_release\llr.tlog\link.read.1.tlog
c:\users\jpenn\llr\llr405devsrc\llr64\x64\llr_release\llr.tlog\link.write.1.tlog
c:\users\jpenn\llr\llr405devsrc\llr64\x64\llr_release\llr.tlog\rc.command.1.tlog
c:\users\jpenn\llr\llr405devsrc\llr64\x64\llr_release\llr.tlog\rc.read.1.tlog
c:\users\jpenn\llr\llr405devsrc\llr64\x64\llr_release\llr.tlog\rc.write.1.tlog
